[2025-09-06T12:53:15.871-0300] {processor.py:161} INFO - Started process (PID=15968) to work on /home/sebastian/Documentos/Seba/Challenges/Fligoo/airflow_local/dags/LOAD_FLIGHTS.py
[2025-09-06T12:53:15.873-0300] {processor.py:830} INFO - Processing file /home/sebastian/Documentos/Seba/Challenges/Fligoo/airflow_local/dags/LOAD_FLIGHTS.py for tasks to queue
[2025-09-06T12:53:15.877-0300] {logging_mixin.py:188} INFO - [2025-09-06T12:53:15.875-0300] {dagbag.py:545} INFO - Filling up the DagBag from /home/sebastian/Documentos/Seba/Challenges/Fligoo/airflow_local/dags/LOAD_FLIGHTS.py
[2025-09-06T12:53:17.008-0300] {processor.py:840} INFO - DAG(s) 'LOAD_FLIGHTS' retrieved from /home/sebastian/Documentos/Seba/Challenges/Fligoo/airflow_local/dags/LOAD_FLIGHTS.py
[2025-09-06T12:53:17.897-0300] {logging_mixin.py:188} INFO - [2025-09-06T12:53:17.895-0300] {override.py:1829} INFO - Created Permission View: can delete on DAG:LOAD_FLIGHTS
[2025-09-06T12:53:18.549-0300] {logging_mixin.py:188} INFO - [2025-09-06T12:53:18.547-0300] {override.py:1829} INFO - Created Permission View: can edit on DAG:LOAD_FLIGHTS
[2025-09-06T12:53:18.790-0300] {logging_mixin.py:188} INFO - [2025-09-06T12:53:18.788-0300] {override.py:1829} INFO - Created Permission View: can read on DAG:LOAD_FLIGHTS
[2025-09-06T12:53:18.792-0300] {logging_mixin.py:188} INFO - [2025-09-06T12:53:18.791-0300] {dag.py:3096} INFO - Sync 1 DAGs
[2025-09-06T12:53:18.830-0300] {logging_mixin.py:188} INFO - [2025-09-06T12:53:18.829-0300] {dag.py:3118} INFO - Creating ORM DAG for LOAD_FLIGHTS
[2025-09-06T12:53:18.832-0300] {logging_mixin.py:188} INFO - [2025-09-06T12:53:18.832-0300] {dag.py:3954} INFO - Setting next_dagrun for LOAD_FLIGHTS to None, run_after=None
[2025-09-06T12:53:19.224-0300] {processor.py:183} INFO - Processing /home/sebastian/Documentos/Seba/Challenges/Fligoo/airflow_local/dags/LOAD_FLIGHTS.py took 3.369 seconds
[2025-09-06T12:53:57.198-0300] {processor.py:161} INFO - Started process (PID=16035) to work on /home/sebastian/Documentos/Seba/Challenges/Fligoo/airflow_local/dags/LOAD_FLIGHTS.py
[2025-09-06T12:53:57.215-0300] {processor.py:830} INFO - Processing file /home/sebastian/Documentos/Seba/Challenges/Fligoo/airflow_local/dags/LOAD_FLIGHTS.py for tasks to queue
[2025-09-06T12:53:57.217-0300] {logging_mixin.py:188} INFO - [2025-09-06T12:53:57.216-0300] {dagbag.py:545} INFO - Filling up the DagBag from /home/sebastian/Documentos/Seba/Challenges/Fligoo/airflow_local/dags/LOAD_FLIGHTS.py
[2025-09-06T12:53:57.904-0300] {processor.py:840} INFO - DAG(s) 'LOAD_FLIGHTS' retrieved from /home/sebastian/Documentos/Seba/Challenges/Fligoo/airflow_local/dags/LOAD_FLIGHTS.py
[2025-09-06T12:53:57.913-0300] {logging_mixin.py:188} INFO - [2025-09-06T12:53:57.912-0300] {dag.py:3096} INFO - Sync 1 DAGs
[2025-09-06T12:53:57.921-0300] {logging_mixin.py:188} INFO - [2025-09-06T12:53:57.921-0300] {dag.py:3954} INFO - Setting next_dagrun for LOAD_FLIGHTS to None, run_after=None
[2025-09-06T12:53:58.284-0300] {processor.py:183} INFO - Processing /home/sebastian/Documentos/Seba/Challenges/Fligoo/airflow_local/dags/LOAD_FLIGHTS.py took 1.101 seconds
[2025-09-06T13:10:03.083-0300] {processor.py:161} INFO - Started process (PID=17623) to work on /home/sebastian/Documentos/Seba/Challenges/Fligoo/airflow_local/dags/LOAD_FLIGHTS.py
[2025-09-06T13:10:03.100-0300] {processor.py:830} INFO - Processing file /home/sebastian/Documentos/Seba/Challenges/Fligoo/airflow_local/dags/LOAD_FLIGHTS.py for tasks to queue
[2025-09-06T13:10:03.104-0300] {logging_mixin.py:188} INFO - [2025-09-06T13:10:03.103-0300] {dagbag.py:545} INFO - Filling up the DagBag from /home/sebastian/Documentos/Seba/Challenges/Fligoo/airflow_local/dags/LOAD_FLIGHTS.py
[2025-09-06T13:10:05.730-0300] {processor.py:840} INFO - DAG(s) 'LOAD_FLIGHTS' retrieved from /home/sebastian/Documentos/Seba/Challenges/Fligoo/airflow_local/dags/LOAD_FLIGHTS.py
[2025-09-06T13:10:06.334-0300] {logging_mixin.py:188} INFO - [2025-09-06T13:10:06.334-0300] {dag.py:3096} INFO - Sync 1 DAGs
[2025-09-06T13:10:06.343-0300] {logging_mixin.py:188} INFO - [2025-09-06T13:10:06.343-0300] {dag.py:3954} INFO - Setting next_dagrun for LOAD_FLIGHTS to None, run_after=None
[2025-09-06T13:10:06.733-0300] {processor.py:183} INFO - Processing /home/sebastian/Documentos/Seba/Challenges/Fligoo/airflow_local/dags/LOAD_FLIGHTS.py took 3.665 seconds
[2025-09-06T13:12:43.732-0300] {processor.py:161} INFO - Started process (PID=18327) to work on /home/sebastian/Documentos/Seba/Challenges/Fligoo/airflow_local/dags/LOAD_FLIGHTS.py
[2025-09-06T13:12:43.743-0300] {processor.py:830} INFO - Processing file /home/sebastian/Documentos/Seba/Challenges/Fligoo/airflow_local/dags/LOAD_FLIGHTS.py for tasks to queue
[2025-09-06T13:12:43.748-0300] {logging_mixin.py:188} INFO - [2025-09-06T13:12:43.748-0300] {dagbag.py:545} INFO - Filling up the DagBag from /home/sebastian/Documentos/Seba/Challenges/Fligoo/airflow_local/dags/LOAD_FLIGHTS.py
[2025-09-06T13:12:44.230-0300] {processor.py:840} INFO - DAG(s) 'LOAD_FLIGHTS' retrieved from /home/sebastian/Documentos/Seba/Challenges/Fligoo/airflow_local/dags/LOAD_FLIGHTS.py
[2025-09-06T13:12:44.240-0300] {logging_mixin.py:188} INFO - [2025-09-06T13:12:44.239-0300] {dag.py:3096} INFO - Sync 1 DAGs
[2025-09-06T13:12:44.253-0300] {logging_mixin.py:188} INFO - [2025-09-06T13:12:44.253-0300] {dag.py:3954} INFO - Setting next_dagrun for LOAD_FLIGHTS to None, run_after=None
[2025-09-06T13:12:44.570-0300] {processor.py:183} INFO - Processing /home/sebastian/Documentos/Seba/Challenges/Fligoo/airflow_local/dags/LOAD_FLIGHTS.py took 0.861 seconds
[2025-09-06T13:13:46.488-0300] {processor.py:161} INFO - Started process (PID=18378) to work on /home/sebastian/Documentos/Seba/Challenges/Fligoo/airflow_local/dags/LOAD_FLIGHTS.py
[2025-09-06T13:13:46.502-0300] {processor.py:830} INFO - Processing file /home/sebastian/Documentos/Seba/Challenges/Fligoo/airflow_local/dags/LOAD_FLIGHTS.py for tasks to queue
[2025-09-06T13:13:46.504-0300] {logging_mixin.py:188} INFO - [2025-09-06T13:13:46.504-0300] {dagbag.py:545} INFO - Filling up the DagBag from /home/sebastian/Documentos/Seba/Challenges/Fligoo/airflow_local/dags/LOAD_FLIGHTS.py
[2025-09-06T13:13:47.018-0300] {processor.py:840} INFO - DAG(s) 'LOAD_FLIGHTS' retrieved from /home/sebastian/Documentos/Seba/Challenges/Fligoo/airflow_local/dags/LOAD_FLIGHTS.py
[2025-09-06T13:13:47.031-0300] {logging_mixin.py:188} INFO - [2025-09-06T13:13:47.031-0300] {dag.py:3096} INFO - Sync 1 DAGs
[2025-09-06T13:13:47.045-0300] {logging_mixin.py:188} INFO - [2025-09-06T13:13:47.045-0300] {dag.py:3954} INFO - Setting next_dagrun for LOAD_FLIGHTS to None, run_after=None
[2025-09-06T13:13:47.263-0300] {processor.py:183} INFO - Processing /home/sebastian/Documentos/Seba/Challenges/Fligoo/airflow_local/dags/LOAD_FLIGHTS.py took 0.782 seconds
[2025-09-06T13:14:39.118-0300] {processor.py:161} INFO - Started process (PID=18426) to work on /home/sebastian/Documentos/Seba/Challenges/Fligoo/airflow_local/dags/LOAD_FLIGHTS.py
[2025-09-06T13:14:39.136-0300] {processor.py:830} INFO - Processing file /home/sebastian/Documentos/Seba/Challenges/Fligoo/airflow_local/dags/LOAD_FLIGHTS.py for tasks to queue
[2025-09-06T13:14:39.138-0300] {logging_mixin.py:188} INFO - [2025-09-06T13:14:39.138-0300] {dagbag.py:545} INFO - Filling up the DagBag from /home/sebastian/Documentos/Seba/Challenges/Fligoo/airflow_local/dags/LOAD_FLIGHTS.py
[2025-09-06T13:14:39.557-0300] {processor.py:840} INFO - DAG(s) 'LOAD_FLIGHTS' retrieved from /home/sebastian/Documentos/Seba/Challenges/Fligoo/airflow_local/dags/LOAD_FLIGHTS.py
[2025-09-06T13:14:39.572-0300] {logging_mixin.py:188} INFO - [2025-09-06T13:14:39.572-0300] {dag.py:3096} INFO - Sync 1 DAGs
[2025-09-06T13:14:39.586-0300] {logging_mixin.py:188} INFO - [2025-09-06T13:14:39.585-0300] {dag.py:3954} INFO - Setting next_dagrun for LOAD_FLIGHTS to None, run_after=None
[2025-09-06T13:14:39.995-0300] {processor.py:183} INFO - Processing /home/sebastian/Documentos/Seba/Challenges/Fligoo/airflow_local/dags/LOAD_FLIGHTS.py took 0.883 seconds
[2025-09-06T13:15:30.281-0300] {processor.py:161} INFO - Started process (PID=18513) to work on /home/sebastian/Documentos/Seba/Challenges/Fligoo/airflow_local/dags/LOAD_FLIGHTS.py
[2025-09-06T13:15:30.307-0300] {processor.py:830} INFO - Processing file /home/sebastian/Documentos/Seba/Challenges/Fligoo/airflow_local/dags/LOAD_FLIGHTS.py for tasks to queue
[2025-09-06T13:15:30.309-0300] {logging_mixin.py:188} INFO - [2025-09-06T13:15:30.308-0300] {dagbag.py:545} INFO - Filling up the DagBag from /home/sebastian/Documentos/Seba/Challenges/Fligoo/airflow_local/dags/LOAD_FLIGHTS.py
[2025-09-06T13:15:30.790-0300] {processor.py:840} INFO - DAG(s) 'LOAD_FLIGHTS' retrieved from /home/sebastian/Documentos/Seba/Challenges/Fligoo/airflow_local/dags/LOAD_FLIGHTS.py
[2025-09-06T13:15:30.808-0300] {logging_mixin.py:188} INFO - [2025-09-06T13:15:30.808-0300] {dag.py:3096} INFO - Sync 1 DAGs
[2025-09-06T13:15:30.822-0300] {logging_mixin.py:188} INFO - [2025-09-06T13:15:30.822-0300] {dag.py:3954} INFO - Setting next_dagrun for LOAD_FLIGHTS to None, run_after=None
[2025-09-06T13:15:31.063-0300] {processor.py:183} INFO - Processing /home/sebastian/Documentos/Seba/Challenges/Fligoo/airflow_local/dags/LOAD_FLIGHTS.py took 0.789 seconds
[2025-09-06T13:16:24.050-0300] {processor.py:161} INFO - Started process (PID=18564) to work on /home/sebastian/Documentos/Seba/Challenges/Fligoo/airflow_local/dags/LOAD_FLIGHTS.py
[2025-09-06T13:16:24.083-0300] {processor.py:830} INFO - Processing file /home/sebastian/Documentos/Seba/Challenges/Fligoo/airflow_local/dags/LOAD_FLIGHTS.py for tasks to queue
[2025-09-06T13:16:24.084-0300] {logging_mixin.py:188} INFO - [2025-09-06T13:16:24.084-0300] {dagbag.py:545} INFO - Filling up the DagBag from /home/sebastian/Documentos/Seba/Challenges/Fligoo/airflow_local/dags/LOAD_FLIGHTS.py
[2025-09-06T13:16:24.944-0300] {processor.py:840} INFO - DAG(s) 'LOAD_FLIGHTS' retrieved from /home/sebastian/Documentos/Seba/Challenges/Fligoo/airflow_local/dags/LOAD_FLIGHTS.py
[2025-09-06T13:16:24.960-0300] {logging_mixin.py:188} INFO - [2025-09-06T13:16:24.959-0300] {dag.py:3096} INFO - Sync 1 DAGs
[2025-09-06T13:16:24.968-0300] {logging_mixin.py:188} INFO - [2025-09-06T13:16:24.968-0300] {dag.py:3954} INFO - Setting next_dagrun for LOAD_FLIGHTS to None, run_after=None
[2025-09-06T13:16:25.401-0300] {processor.py:183} INFO - Processing /home/sebastian/Documentos/Seba/Challenges/Fligoo/airflow_local/dags/LOAD_FLIGHTS.py took 1.356 seconds
[2025-09-06T13:17:31.892-0300] {processor.py:161} INFO - Started process (PID=18619) to work on /home/sebastian/Documentos/Seba/Challenges/Fligoo/airflow_local/dags/LOAD_FLIGHTS.py
[2025-09-06T13:17:31.977-0300] {processor.py:830} INFO - Processing file /home/sebastian/Documentos/Seba/Challenges/Fligoo/airflow_local/dags/LOAD_FLIGHTS.py for tasks to queue
[2025-09-06T13:17:31.982-0300] {logging_mixin.py:188} INFO - [2025-09-06T13:17:31.981-0300] {dagbag.py:545} INFO - Filling up the DagBag from /home/sebastian/Documentos/Seba/Challenges/Fligoo/airflow_local/dags/LOAD_FLIGHTS.py
[2025-09-06T13:17:32.952-0300] {processor.py:840} INFO - DAG(s) 'LOAD_FLIGHTS' retrieved from /home/sebastian/Documentos/Seba/Challenges/Fligoo/airflow_local/dags/LOAD_FLIGHTS.py
[2025-09-06T13:17:32.965-0300] {logging_mixin.py:188} INFO - [2025-09-06T13:17:32.965-0300] {dag.py:3096} INFO - Sync 1 DAGs
[2025-09-06T13:17:32.974-0300] {logging_mixin.py:188} INFO - [2025-09-06T13:17:32.974-0300] {dag.py:3954} INFO - Setting next_dagrun for LOAD_FLIGHTS to None, run_after=None
[2025-09-06T13:17:33.673-0300] {processor.py:183} INFO - Processing /home/sebastian/Documentos/Seba/Challenges/Fligoo/airflow_local/dags/LOAD_FLIGHTS.py took 1.807 seconds
[2025-09-06T13:18:37.564-0300] {processor.py:161} INFO - Started process (PID=18677) to work on /home/sebastian/Documentos/Seba/Challenges/Fligoo/airflow_local/dags/LOAD_FLIGHTS.py
[2025-09-06T13:18:37.576-0300] {processor.py:830} INFO - Processing file /home/sebastian/Documentos/Seba/Challenges/Fligoo/airflow_local/dags/LOAD_FLIGHTS.py for tasks to queue
[2025-09-06T13:18:37.577-0300] {logging_mixin.py:188} INFO - [2025-09-06T13:18:37.577-0300] {dagbag.py:545} INFO - Filling up the DagBag from /home/sebastian/Documentos/Seba/Challenges/Fligoo/airflow_local/dags/LOAD_FLIGHTS.py
[2025-09-06T13:18:37.606-0300] {logging_mixin.py:188} INFO - [2025-09-06T13:18:37.579-0300] {dagbag.py:355} ERROR - Failed to import: /home/sebastian/Documentos/Seba/Challenges/Fligoo/airflow_local/dags/LOAD_FLIGHTS.py
Traceback (most recent call last):
  File "/home/sebastian/Documentos/Seba/Challenges/Fligoo/.venv-airflow/lib/python3.10/site-packages/airflow/models/dagbag.py", line 351, in parse
    loader.exec_module(new_module)
  File "<frozen importlib._bootstrap_external>", line 879, in exec_module
  File "<frozen importlib._bootstrap_external>", line 1017, in get_code
  File "<frozen importlib._bootstrap_external>", line 947, in source_to_code
  File "<frozen importlib._bootstrap>", line 241, in _call_with_frames_removed
  File "/home/sebastian/Documentos/Seba/Challenges/Fligoo/airflow_local/dags/LOAD_FLIGHTS.py", line 11
    from __future__ import annotations
    ^^^^^^^^^^^^^^^^^^^^^^^^^^^^^^^^^^
SyntaxError: from __future__ imports must occur at the beginning of the file
[2025-09-06T13:18:37.606-0300] {processor.py:842} WARNING - No viable dags retrieved from /home/sebastian/Documentos/Seba/Challenges/Fligoo/airflow_local/dags/LOAD_FLIGHTS.py
[2025-09-06T13:18:37.834-0300] {processor.py:183} INFO - Processing /home/sebastian/Documentos/Seba/Challenges/Fligoo/airflow_local/dags/LOAD_FLIGHTS.py took 0.279 seconds
[2025-09-06T13:19:25.240-0300] {processor.py:161} INFO - Started process (PID=18773) to work on /home/sebastian/Documentos/Seba/Challenges/Fligoo/airflow_local/dags/LOAD_FLIGHTS.py
[2025-09-06T13:19:25.260-0300] {processor.py:830} INFO - Processing file /home/sebastian/Documentos/Seba/Challenges/Fligoo/airflow_local/dags/LOAD_FLIGHTS.py for tasks to queue
[2025-09-06T13:19:25.271-0300] {logging_mixin.py:188} INFO - [2025-09-06T13:19:25.264-0300] {dagbag.py:545} INFO - Filling up the DagBag from /home/sebastian/Documentos/Seba/Challenges/Fligoo/airflow_local/dags/LOAD_FLIGHTS.py
[2025-09-06T13:19:25.282-0300] {logging_mixin.py:188} INFO - [2025-09-06T13:19:25.280-0300] {dagbag.py:355} ERROR - Failed to import: /home/sebastian/Documentos/Seba/Challenges/Fligoo/airflow_local/dags/LOAD_FLIGHTS.py
Traceback (most recent call last):
  File "/home/sebastian/Documentos/Seba/Challenges/Fligoo/.venv-airflow/lib/python3.10/site-packages/airflow/models/dagbag.py", line 351, in parse
    loader.exec_module(new_module)
  File "<frozen importlib._bootstrap_external>", line 879, in exec_module
  File "<frozen importlib._bootstrap_external>", line 1017, in get_code
  File "<frozen importlib._bootstrap_external>", line 947, in source_to_code
  File "<frozen importlib._bootstrap>", line 241, in _call_with_frames_removed
  File "/home/sebastian/Documentos/Seba/Challenges/Fligoo/airflow_local/dags/LOAD_FLIGHTS.py", line 11
    from __future__ import annotations
    ^^^^^^^^^^^^^^^^^^^^^^^^^^^^^^^^^^
SyntaxError: from __future__ imports must occur at the beginning of the file
[2025-09-06T13:19:25.292-0300] {processor.py:842} WARNING - No viable dags retrieved from /home/sebastian/Documentos/Seba/Challenges/Fligoo/airflow_local/dags/LOAD_FLIGHTS.py
[2025-09-06T13:19:25.566-0300] {processor.py:183} INFO - Processing /home/sebastian/Documentos/Seba/Challenges/Fligoo/airflow_local/dags/LOAD_FLIGHTS.py took 0.349 seconds
[2025-09-06T13:20:14.634-0300] {processor.py:161} INFO - Started process (PID=18849) to work on /home/sebastian/Documentos/Seba/Challenges/Fligoo/airflow_local/dags/LOAD_FLIGHTS.py
[2025-09-06T13:20:14.657-0300] {processor.py:830} INFO - Processing file /home/sebastian/Documentos/Seba/Challenges/Fligoo/airflow_local/dags/LOAD_FLIGHTS.py for tasks to queue
[2025-09-06T13:20:14.659-0300] {logging_mixin.py:188} INFO - [2025-09-06T13:20:14.658-0300] {dagbag.py:545} INFO - Filling up the DagBag from /home/sebastian/Documentos/Seba/Challenges/Fligoo/airflow_local/dags/LOAD_FLIGHTS.py
[2025-09-06T13:20:14.664-0300] {logging_mixin.py:188} INFO - [2025-09-06T13:20:14.663-0300] {dagbag.py:355} ERROR - Failed to import: /home/sebastian/Documentos/Seba/Challenges/Fligoo/airflow_local/dags/LOAD_FLIGHTS.py
Traceback (most recent call last):
  File "/home/sebastian/Documentos/Seba/Challenges/Fligoo/.venv-airflow/lib/python3.10/site-packages/airflow/models/dagbag.py", line 351, in parse
    loader.exec_module(new_module)
  File "<frozen importlib._bootstrap_external>", line 879, in exec_module
  File "<frozen importlib._bootstrap_external>", line 1017, in get_code
  File "<frozen importlib._bootstrap_external>", line 947, in source_to_code
  File "<frozen importlib._bootstrap>", line 241, in _call_with_frames_removed
  File "/home/sebastian/Documentos/Seba/Challenges/Fligoo/airflow_local/dags/LOAD_FLIGHTS.py", line 11
    from __future__ import annotations
    ^^^^^^^^^^^^^^^^^^^^^^^^^^^^^^^^^^
SyntaxError: from __future__ imports must occur at the beginning of the file
[2025-09-06T13:20:14.665-0300] {processor.py:842} WARNING - No viable dags retrieved from /home/sebastian/Documentos/Seba/Challenges/Fligoo/airflow_local/dags/LOAD_FLIGHTS.py
[2025-09-06T13:20:14.918-0300] {processor.py:183} INFO - Processing /home/sebastian/Documentos/Seba/Challenges/Fligoo/airflow_local/dags/LOAD_FLIGHTS.py took 0.292 seconds
[2025-09-06T13:21:00.792-0300] {processor.py:161} INFO - Started process (PID=18893) to work on /home/sebastian/Documentos/Seba/Challenges/Fligoo/airflow_local/dags/LOAD_FLIGHTS.py
[2025-09-06T13:21:00.819-0300] {processor.py:830} INFO - Processing file /home/sebastian/Documentos/Seba/Challenges/Fligoo/airflow_local/dags/LOAD_FLIGHTS.py for tasks to queue
[2025-09-06T13:21:00.820-0300] {logging_mixin.py:188} INFO - [2025-09-06T13:21:00.820-0300] {dagbag.py:545} INFO - Filling up the DagBag from /home/sebastian/Documentos/Seba/Challenges/Fligoo/airflow_local/dags/LOAD_FLIGHTS.py
[2025-09-06T13:21:00.824-0300] {logging_mixin.py:188} INFO - [2025-09-06T13:21:00.823-0300] {dagbag.py:355} ERROR - Failed to import: /home/sebastian/Documentos/Seba/Challenges/Fligoo/airflow_local/dags/LOAD_FLIGHTS.py
Traceback (most recent call last):
  File "/home/sebastian/Documentos/Seba/Challenges/Fligoo/.venv-airflow/lib/python3.10/site-packages/airflow/models/dagbag.py", line 351, in parse
    loader.exec_module(new_module)
  File "<frozen importlib._bootstrap_external>", line 879, in exec_module
  File "<frozen importlib._bootstrap_external>", line 1017, in get_code
  File "<frozen importlib._bootstrap_external>", line 947, in source_to_code
  File "<frozen importlib._bootstrap>", line 241, in _call_with_frames_removed
  File "/home/sebastian/Documentos/Seba/Challenges/Fligoo/airflow_local/dags/LOAD_FLIGHTS.py", line 11
    from __future__ import annotations
    ^^^^^^^^^^^^^^^^^^^^^^^^^^^^^^^^^^
SyntaxError: from __future__ imports must occur at the beginning of the file
[2025-09-06T13:21:00.824-0300] {processor.py:842} WARNING - No viable dags retrieved from /home/sebastian/Documentos/Seba/Challenges/Fligoo/airflow_local/dags/LOAD_FLIGHTS.py
[2025-09-06T13:21:01.090-0300] {processor.py:183} INFO - Processing /home/sebastian/Documentos/Seba/Challenges/Fligoo/airflow_local/dags/LOAD_FLIGHTS.py took 0.320 seconds
[2025-09-06T13:21:47.336-0300] {processor.py:161} INFO - Started process (PID=18932) to work on /home/sebastian/Documentos/Seba/Challenges/Fligoo/airflow_local/dags/LOAD_FLIGHTS.py
[2025-09-06T13:21:47.371-0300] {processor.py:830} INFO - Processing file /home/sebastian/Documentos/Seba/Challenges/Fligoo/airflow_local/dags/LOAD_FLIGHTS.py for tasks to queue
[2025-09-06T13:21:47.376-0300] {logging_mixin.py:188} INFO - [2025-09-06T13:21:47.374-0300] {dagbag.py:545} INFO - Filling up the DagBag from /home/sebastian/Documentos/Seba/Challenges/Fligoo/airflow_local/dags/LOAD_FLIGHTS.py
[2025-09-06T13:21:47.391-0300] {logging_mixin.py:188} INFO - [2025-09-06T13:21:47.387-0300] {dagbag.py:355} ERROR - Failed to import: /home/sebastian/Documentos/Seba/Challenges/Fligoo/airflow_local/dags/LOAD_FLIGHTS.py
Traceback (most recent call last):
  File "/home/sebastian/Documentos/Seba/Challenges/Fligoo/.venv-airflow/lib/python3.10/site-packages/airflow/models/dagbag.py", line 351, in parse
    loader.exec_module(new_module)
  File "<frozen importlib._bootstrap_external>", line 879, in exec_module
  File "<frozen importlib._bootstrap_external>", line 1017, in get_code
  File "<frozen importlib._bootstrap_external>", line 947, in source_to_code
  File "<frozen importlib._bootstrap>", line 241, in _call_with_frames_removed
  File "/home/sebastian/Documentos/Seba/Challenges/Fligoo/airflow_local/dags/LOAD_FLIGHTS.py", line 11
    from __future__ import annotations
    ^^^^^^^^^^^^^^^^^^^^^^^^^^^^^^^^^^
SyntaxError: from __future__ imports must occur at the beginning of the file
[2025-09-06T13:21:47.393-0300] {processor.py:842} WARNING - No viable dags retrieved from /home/sebastian/Documentos/Seba/Challenges/Fligoo/airflow_local/dags/LOAD_FLIGHTS.py
[2025-09-06T13:21:47.689-0300] {processor.py:183} INFO - Processing /home/sebastian/Documentos/Seba/Challenges/Fligoo/airflow_local/dags/LOAD_FLIGHTS.py took 0.371 seconds
[2025-09-06T13:22:37.250-0300] {processor.py:161} INFO - Started process (PID=18975) to work on /home/sebastian/Documentos/Seba/Challenges/Fligoo/airflow_local/dags/LOAD_FLIGHTS.py
[2025-09-06T13:22:37.273-0300] {processor.py:830} INFO - Processing file /home/sebastian/Documentos/Seba/Challenges/Fligoo/airflow_local/dags/LOAD_FLIGHTS.py for tasks to queue
[2025-09-06T13:22:37.274-0300] {logging_mixin.py:188} INFO - [2025-09-06T13:22:37.274-0300] {dagbag.py:545} INFO - Filling up the DagBag from /home/sebastian/Documentos/Seba/Challenges/Fligoo/airflow_local/dags/LOAD_FLIGHTS.py
[2025-09-06T13:22:37.533-0300] {processor.py:840} INFO - DAG(s) 'LOAD_FLIGHTS' retrieved from /home/sebastian/Documentos/Seba/Challenges/Fligoo/airflow_local/dags/LOAD_FLIGHTS.py
[2025-09-06T13:22:37.600-0300] {logging_mixin.py:188} INFO - [2025-09-06T13:22:37.600-0300] {dag.py:3096} INFO - Sync 1 DAGs
[2025-09-06T13:22:37.608-0300] {logging_mixin.py:188} INFO - [2025-09-06T13:22:37.608-0300] {dag.py:3954} INFO - Setting next_dagrun for LOAD_FLIGHTS to None, run_after=None
[2025-09-06T13:22:38.386-0300] {processor.py:183} INFO - Processing /home/sebastian/Documentos/Seba/Challenges/Fligoo/airflow_local/dags/LOAD_FLIGHTS.py took 1.140 seconds
[2025-09-06T13:25:30.051-0300] {processor.py:161} INFO - Started process (PID=19822) to work on /home/sebastian/Documentos/Seba/Challenges/Fligoo/airflow_local/dags/LOAD_FLIGHTS.py
[2025-09-06T13:25:30.052-0300] {processor.py:830} INFO - Processing file /home/sebastian/Documentos/Seba/Challenges/Fligoo/airflow_local/dags/LOAD_FLIGHTS.py for tasks to queue
[2025-09-06T13:25:30.054-0300] {logging_mixin.py:188} INFO - [2025-09-06T13:25:30.053-0300] {dagbag.py:545} INFO - Filling up the DagBag from /home/sebastian/Documentos/Seba/Challenges/Fligoo/airflow_local/dags/LOAD_FLIGHTS.py
[2025-09-06T13:25:31.375-0300] {processor.py:840} INFO - DAG(s) 'LOAD_FLIGHTS' retrieved from /home/sebastian/Documentos/Seba/Challenges/Fligoo/airflow_local/dags/LOAD_FLIGHTS.py
[2025-09-06T13:25:31.407-0300] {logging_mixin.py:188} INFO - [2025-09-06T13:25:31.407-0300] {dag.py:3096} INFO - Sync 1 DAGs
[2025-09-06T13:25:31.415-0300] {logging_mixin.py:188} INFO - [2025-09-06T13:25:31.414-0300] {dag.py:3954} INFO - Setting next_dagrun for LOAD_FLIGHTS to None, run_after=None
[2025-09-06T13:25:31.711-0300] {processor.py:183} INFO - Processing /home/sebastian/Documentos/Seba/Challenges/Fligoo/airflow_local/dags/LOAD_FLIGHTS.py took 1.664 seconds
[2025-09-06T13:27:25.111-0300] {processor.py:161} INFO - Started process (PID=20526) to work on /home/sebastian/Documentos/Seba/Challenges/Fligoo/airflow_local/dags/LOAD_FLIGHTS.py
[2025-09-06T13:27:25.223-0300] {processor.py:830} INFO - Processing file /home/sebastian/Documentos/Seba/Challenges/Fligoo/airflow_local/dags/LOAD_FLIGHTS.py for tasks to queue
[2025-09-06T13:27:25.230-0300] {logging_mixin.py:188} INFO - [2025-09-06T13:27:25.228-0300] {dagbag.py:545} INFO - Filling up the DagBag from /home/sebastian/Documentos/Seba/Challenges/Fligoo/airflow_local/dags/LOAD_FLIGHTS.py
[2025-09-06T13:27:25.769-0300] {processor.py:840} INFO - DAG(s) 'LOAD_FLIGHTS' retrieved from /home/sebastian/Documentos/Seba/Challenges/Fligoo/airflow_local/dags/LOAD_FLIGHTS.py
[2025-09-06T13:27:25.782-0300] {logging_mixin.py:188} INFO - [2025-09-06T13:27:25.782-0300] {dag.py:3096} INFO - Sync 1 DAGs
[2025-09-06T13:27:25.792-0300] {logging_mixin.py:188} INFO - [2025-09-06T13:27:25.792-0300] {dag.py:3954} INFO - Setting next_dagrun for LOAD_FLIGHTS to None, run_after=None
[2025-09-06T13:27:26.128-0300] {processor.py:183} INFO - Processing /home/sebastian/Documentos/Seba/Challenges/Fligoo/airflow_local/dags/LOAD_FLIGHTS.py took 1.040 seconds
[2025-09-06T13:28:12.575-0300] {processor.py:161} INFO - Started process (PID=20571) to work on /home/sebastian/Documentos/Seba/Challenges/Fligoo/airflow_local/dags/LOAD_FLIGHTS.py
[2025-09-06T13:28:12.593-0300] {processor.py:830} INFO - Processing file /home/sebastian/Documentos/Seba/Challenges/Fligoo/airflow_local/dags/LOAD_FLIGHTS.py for tasks to queue
[2025-09-06T13:28:12.600-0300] {logging_mixin.py:188} INFO - [2025-09-06T13:28:12.598-0300] {dagbag.py:545} INFO - Filling up the DagBag from /home/sebastian/Documentos/Seba/Challenges/Fligoo/airflow_local/dags/LOAD_FLIGHTS.py
[2025-09-06T13:28:12.965-0300] {processor.py:840} INFO - DAG(s) 'LOAD_FLIGHTS' retrieved from /home/sebastian/Documentos/Seba/Challenges/Fligoo/airflow_local/dags/LOAD_FLIGHTS.py
[2025-09-06T13:28:12.973-0300] {logging_mixin.py:188} INFO - [2025-09-06T13:28:12.973-0300] {dag.py:3096} INFO - Sync 1 DAGs
[2025-09-06T13:28:12.980-0300] {logging_mixin.py:188} INFO - [2025-09-06T13:28:12.980-0300] {dag.py:3954} INFO - Setting next_dagrun for LOAD_FLIGHTS to None, run_after=None
[2025-09-06T13:28:13.351-0300] {processor.py:183} INFO - Processing /home/sebastian/Documentos/Seba/Challenges/Fligoo/airflow_local/dags/LOAD_FLIGHTS.py took 0.794 seconds
[2025-09-06T13:28:59.360-0300] {processor.py:161} INFO - Started process (PID=20619) to work on /home/sebastian/Documentos/Seba/Challenges/Fligoo/airflow_local/dags/LOAD_FLIGHTS.py
[2025-09-06T13:28:59.716-0300] {processor.py:830} INFO - Processing file /home/sebastian/Documentos/Seba/Challenges/Fligoo/airflow_local/dags/LOAD_FLIGHTS.py for tasks to queue
[2025-09-06T13:28:59.727-0300] {logging_mixin.py:188} INFO - [2025-09-06T13:28:59.725-0300] {dagbag.py:545} INFO - Filling up the DagBag from /home/sebastian/Documentos/Seba/Challenges/Fligoo/airflow_local/dags/LOAD_FLIGHTS.py
[2025-09-06T13:29:00.092-0300] {processor.py:840} INFO - DAG(s) 'LOAD_FLIGHTS' retrieved from /home/sebastian/Documentos/Seba/Challenges/Fligoo/airflow_local/dags/LOAD_FLIGHTS.py
[2025-09-06T13:29:00.104-0300] {logging_mixin.py:188} INFO - [2025-09-06T13:29:00.104-0300] {dag.py:3096} INFO - Sync 1 DAGs
[2025-09-06T13:29:00.113-0300] {logging_mixin.py:188} INFO - [2025-09-06T13:29:00.113-0300] {dag.py:3954} INFO - Setting next_dagrun for LOAD_FLIGHTS to None, run_after=None
[2025-09-06T13:29:00.679-0300] {processor.py:183} INFO - Processing /home/sebastian/Documentos/Seba/Challenges/Fligoo/airflow_local/dags/LOAD_FLIGHTS.py took 1.331 seconds
[2025-09-06T13:29:49.174-0300] {processor.py:161} INFO - Started process (PID=20669) to work on /home/sebastian/Documentos/Seba/Challenges/Fligoo/airflow_local/dags/LOAD_FLIGHTS.py
[2025-09-06T13:29:49.194-0300] {processor.py:830} INFO - Processing file /home/sebastian/Documentos/Seba/Challenges/Fligoo/airflow_local/dags/LOAD_FLIGHTS.py for tasks to queue
[2025-09-06T13:29:49.201-0300] {logging_mixin.py:188} INFO - [2025-09-06T13:29:49.199-0300] {dagbag.py:545} INFO - Filling up the DagBag from /home/sebastian/Documentos/Seba/Challenges/Fligoo/airflow_local/dags/LOAD_FLIGHTS.py
[2025-09-06T13:29:49.639-0300] {processor.py:840} INFO - DAG(s) 'LOAD_FLIGHTS' retrieved from /home/sebastian/Documentos/Seba/Challenges/Fligoo/airflow_local/dags/LOAD_FLIGHTS.py
[2025-09-06T13:29:49.741-0300] {logging_mixin.py:188} INFO - [2025-09-06T13:29:49.740-0300] {dag.py:3096} INFO - Sync 1 DAGs
[2025-09-06T13:29:49.754-0300] {logging_mixin.py:188} INFO - [2025-09-06T13:29:49.754-0300] {dag.py:3954} INFO - Setting next_dagrun for LOAD_FLIGHTS to None, run_after=None
[2025-09-06T13:29:50.174-0300] {processor.py:183} INFO - Processing /home/sebastian/Documentos/Seba/Challenges/Fligoo/airflow_local/dags/LOAD_FLIGHTS.py took 1.011 seconds
[2025-09-06T13:30:36.112-0300] {processor.py:161} INFO - Started process (PID=20744) to work on /home/sebastian/Documentos/Seba/Challenges/Fligoo/airflow_local/dags/LOAD_FLIGHTS.py
[2025-09-06T13:30:36.137-0300] {processor.py:830} INFO - Processing file /home/sebastian/Documentos/Seba/Challenges/Fligoo/airflow_local/dags/LOAD_FLIGHTS.py for tasks to queue
[2025-09-06T13:30:36.139-0300] {logging_mixin.py:188} INFO - [2025-09-06T13:30:36.138-0300] {dagbag.py:545} INFO - Filling up the DagBag from /home/sebastian/Documentos/Seba/Challenges/Fligoo/airflow_local/dags/LOAD_FLIGHTS.py
[2025-09-06T13:30:36.636-0300] {processor.py:840} INFO - DAG(s) 'LOAD_FLIGHTS' retrieved from /home/sebastian/Documentos/Seba/Challenges/Fligoo/airflow_local/dags/LOAD_FLIGHTS.py
[2025-09-06T13:30:36.653-0300] {logging_mixin.py:188} INFO - [2025-09-06T13:30:36.652-0300] {dag.py:3096} INFO - Sync 1 DAGs
[2025-09-06T13:30:36.667-0300] {logging_mixin.py:188} INFO - [2025-09-06T13:30:36.666-0300] {dag.py:3954} INFO - Setting next_dagrun for LOAD_FLIGHTS to None, run_after=None
[2025-09-06T13:30:36.996-0300] {processor.py:183} INFO - Processing /home/sebastian/Documentos/Seba/Challenges/Fligoo/airflow_local/dags/LOAD_FLIGHTS.py took 0.889 seconds
[2025-09-06T13:31:21.646-0300] {processor.py:161} INFO - Started process (PID=20787) to work on /home/sebastian/Documentos/Seba/Challenges/Fligoo/airflow_local/dags/LOAD_FLIGHTS.py
[2025-09-06T13:31:21.752-0300] {processor.py:830} INFO - Processing file /home/sebastian/Documentos/Seba/Challenges/Fligoo/airflow_local/dags/LOAD_FLIGHTS.py for tasks to queue
[2025-09-06T13:31:21.754-0300] {logging_mixin.py:188} INFO - [2025-09-06T13:31:21.753-0300] {dagbag.py:545} INFO - Filling up the DagBag from /home/sebastian/Documentos/Seba/Challenges/Fligoo/airflow_local/dags/LOAD_FLIGHTS.py
[2025-09-06T13:31:22.185-0300] {processor.py:840} INFO - DAG(s) 'LOAD_FLIGHTS' retrieved from /home/sebastian/Documentos/Seba/Challenges/Fligoo/airflow_local/dags/LOAD_FLIGHTS.py
[2025-09-06T13:31:22.202-0300] {logging_mixin.py:188} INFO - [2025-09-06T13:31:22.202-0300] {dag.py:3096} INFO - Sync 1 DAGs
[2025-09-06T13:31:22.218-0300] {logging_mixin.py:188} INFO - [2025-09-06T13:31:22.217-0300] {dag.py:3954} INFO - Setting next_dagrun for LOAD_FLIGHTS to None, run_after=None
[2025-09-06T13:31:22.526-0300] {processor.py:183} INFO - Processing /home/sebastian/Documentos/Seba/Challenges/Fligoo/airflow_local/dags/LOAD_FLIGHTS.py took 0.887 seconds
[2025-09-06T13:33:00.348-0300] {processor.py:161} INFO - Started process (PID=21495) to work on /home/sebastian/Documentos/Seba/Challenges/Fligoo/airflow_local/dags/LOAD_FLIGHTS.py
[2025-09-06T13:33:00.400-0300] {processor.py:830} INFO - Processing file /home/sebastian/Documentos/Seba/Challenges/Fligoo/airflow_local/dags/LOAD_FLIGHTS.py for tasks to queue
[2025-09-06T13:33:00.403-0300] {logging_mixin.py:188} INFO - [2025-09-06T13:33:00.402-0300] {dagbag.py:545} INFO - Filling up the DagBag from /home/sebastian/Documentos/Seba/Challenges/Fligoo/airflow_local/dags/LOAD_FLIGHTS.py
[2025-09-06T13:33:00.698-0300] {processor.py:840} INFO - DAG(s) 'LOAD_FLIGHTS' retrieved from /home/sebastian/Documentos/Seba/Challenges/Fligoo/airflow_local/dags/LOAD_FLIGHTS.py
[2025-09-06T13:33:00.937-0300] {logging_mixin.py:188} INFO - [2025-09-06T13:33:00.935-0300] {dag.py:3096} INFO - Sync 1 DAGs
[2025-09-06T13:33:00.968-0300] {logging_mixin.py:188} INFO - [2025-09-06T13:33:00.967-0300] {dag.py:3954} INFO - Setting next_dagrun for LOAD_FLIGHTS to None, run_after=None
[2025-09-06T13:33:01.335-0300] {processor.py:183} INFO - Processing /home/sebastian/Documentos/Seba/Challenges/Fligoo/airflow_local/dags/LOAD_FLIGHTS.py took 1.009 seconds
[2025-09-06T13:34:10.324-0300] {processor.py:161} INFO - Started process (PID=21605) to work on /home/sebastian/Documentos/Seba/Challenges/Fligoo/airflow_local/dags/LOAD_FLIGHTS.py
[2025-09-06T13:34:10.340-0300] {processor.py:830} INFO - Processing file /home/sebastian/Documentos/Seba/Challenges/Fligoo/airflow_local/dags/LOAD_FLIGHTS.py for tasks to queue
[2025-09-06T13:34:10.345-0300] {logging_mixin.py:188} INFO - [2025-09-06T13:34:10.344-0300] {dagbag.py:545} INFO - Filling up the DagBag from /home/sebastian/Documentos/Seba/Challenges/Fligoo/airflow_local/dags/LOAD_FLIGHTS.py
[2025-09-06T13:34:10.662-0300] {processor.py:840} INFO - DAG(s) 'LOAD_FLIGHTS' retrieved from /home/sebastian/Documentos/Seba/Challenges/Fligoo/airflow_local/dags/LOAD_FLIGHTS.py
[2025-09-06T13:34:10.674-0300] {logging_mixin.py:188} INFO - [2025-09-06T13:34:10.674-0300] {dag.py:3096} INFO - Sync 1 DAGs
[2025-09-06T13:34:10.683-0300] {logging_mixin.py:188} INFO - [2025-09-06T13:34:10.683-0300] {dag.py:3954} INFO - Setting next_dagrun for LOAD_FLIGHTS to None, run_after=None
[2025-09-06T13:34:10.935-0300] {processor.py:183} INFO - Processing /home/sebastian/Documentos/Seba/Challenges/Fligoo/airflow_local/dags/LOAD_FLIGHTS.py took 0.629 seconds
[2025-09-06T13:34:51.340-0300] {processor.py:161} INFO - Started process (PID=21649) to work on /home/sebastian/Documentos/Seba/Challenges/Fligoo/airflow_local/dags/LOAD_FLIGHTS.py
[2025-09-06T13:34:51.366-0300] {processor.py:830} INFO - Processing file /home/sebastian/Documentos/Seba/Challenges/Fligoo/airflow_local/dags/LOAD_FLIGHTS.py for tasks to queue
[2025-09-06T13:34:51.369-0300] {logging_mixin.py:188} INFO - [2025-09-06T13:34:51.368-0300] {dagbag.py:545} INFO - Filling up the DagBag from /home/sebastian/Documentos/Seba/Challenges/Fligoo/airflow_local/dags/LOAD_FLIGHTS.py
[2025-09-06T13:34:51.656-0300] {processor.py:840} INFO - DAG(s) 'LOAD_FLIGHTS' retrieved from /home/sebastian/Documentos/Seba/Challenges/Fligoo/airflow_local/dags/LOAD_FLIGHTS.py
[2025-09-06T13:34:51.667-0300] {logging_mixin.py:188} INFO - [2025-09-06T13:34:51.667-0300] {dag.py:3096} INFO - Sync 1 DAGs
[2025-09-06T13:34:51.676-0300] {logging_mixin.py:188} INFO - [2025-09-06T13:34:51.675-0300] {dag.py:3954} INFO - Setting next_dagrun for LOAD_FLIGHTS to None, run_after=None
[2025-09-06T13:34:51.924-0300] {processor.py:183} INFO - Processing /home/sebastian/Documentos/Seba/Challenges/Fligoo/airflow_local/dags/LOAD_FLIGHTS.py took 0.601 seconds
[2025-09-06T13:35:35.186-0300] {processor.py:161} INFO - Started process (PID=21722) to work on /home/sebastian/Documentos/Seba/Challenges/Fligoo/airflow_local/dags/LOAD_FLIGHTS.py
[2025-09-06T13:35:35.290-0300] {processor.py:830} INFO - Processing file /home/sebastian/Documentos/Seba/Challenges/Fligoo/airflow_local/dags/LOAD_FLIGHTS.py for tasks to queue
[2025-09-06T13:35:35.294-0300] {logging_mixin.py:188} INFO - [2025-09-06T13:35:35.294-0300] {dagbag.py:545} INFO - Filling up the DagBag from /home/sebastian/Documentos/Seba/Challenges/Fligoo/airflow_local/dags/LOAD_FLIGHTS.py
[2025-09-06T13:35:35.699-0300] {processor.py:840} INFO - DAG(s) 'LOAD_FLIGHTS' retrieved from /home/sebastian/Documentos/Seba/Challenges/Fligoo/airflow_local/dags/LOAD_FLIGHTS.py
[2025-09-06T13:35:35.715-0300] {logging_mixin.py:188} INFO - [2025-09-06T13:35:35.714-0300] {dag.py:3096} INFO - Sync 1 DAGs
[2025-09-06T13:35:35.727-0300] {logging_mixin.py:188} INFO - [2025-09-06T13:35:35.727-0300] {dag.py:3954} INFO - Setting next_dagrun for LOAD_FLIGHTS to None, run_after=None
[2025-09-06T13:35:36.094-0300] {processor.py:183} INFO - Processing /home/sebastian/Documentos/Seba/Challenges/Fligoo/airflow_local/dags/LOAD_FLIGHTS.py took 0.933 seconds
[2025-09-06T13:36:22.699-0300] {processor.py:161} INFO - Started process (PID=21763) to work on /home/sebastian/Documentos/Seba/Challenges/Fligoo/airflow_local/dags/LOAD_FLIGHTS.py
[2025-09-06T13:36:22.791-0300] {processor.py:830} INFO - Processing file /home/sebastian/Documentos/Seba/Challenges/Fligoo/airflow_local/dags/LOAD_FLIGHTS.py for tasks to queue
[2025-09-06T13:36:22.792-0300] {logging_mixin.py:188} INFO - [2025-09-06T13:36:22.792-0300] {dagbag.py:545} INFO - Filling up the DagBag from /home/sebastian/Documentos/Seba/Challenges/Fligoo/airflow_local/dags/LOAD_FLIGHTS.py
[2025-09-06T13:36:23.219-0300] {processor.py:840} INFO - DAG(s) 'LOAD_FLIGHTS' retrieved from /home/sebastian/Documentos/Seba/Challenges/Fligoo/airflow_local/dags/LOAD_FLIGHTS.py
[2025-09-06T13:36:23.237-0300] {logging_mixin.py:188} INFO - [2025-09-06T13:36:23.237-0300] {dag.py:3096} INFO - Sync 1 DAGs
[2025-09-06T13:36:23.251-0300] {logging_mixin.py:188} INFO - [2025-09-06T13:36:23.250-0300] {dag.py:3954} INFO - Setting next_dagrun for LOAD_FLIGHTS to None, run_after=None
[2025-09-06T13:36:23.548-0300] {processor.py:183} INFO - Processing /home/sebastian/Documentos/Seba/Challenges/Fligoo/airflow_local/dags/LOAD_FLIGHTS.py took 0.854 seconds
[2025-09-06T13:37:08.760-0300] {processor.py:161} INFO - Started process (PID=21807) to work on /home/sebastian/Documentos/Seba/Challenges/Fligoo/airflow_local/dags/LOAD_FLIGHTS.py
[2025-09-06T13:37:08.784-0300] {processor.py:830} INFO - Processing file /home/sebastian/Documentos/Seba/Challenges/Fligoo/airflow_local/dags/LOAD_FLIGHTS.py for tasks to queue
[2025-09-06T13:37:08.786-0300] {logging_mixin.py:188} INFO - [2025-09-06T13:37:08.786-0300] {dagbag.py:545} INFO - Filling up the DagBag from /home/sebastian/Documentos/Seba/Challenges/Fligoo/airflow_local/dags/LOAD_FLIGHTS.py
[2025-09-06T13:37:09.264-0300] {processor.py:840} INFO - DAG(s) 'LOAD_FLIGHTS' retrieved from /home/sebastian/Documentos/Seba/Challenges/Fligoo/airflow_local/dags/LOAD_FLIGHTS.py
[2025-09-06T13:37:09.282-0300] {logging_mixin.py:188} INFO - [2025-09-06T13:37:09.281-0300] {dag.py:3096} INFO - Sync 1 DAGs
[2025-09-06T13:37:09.296-0300] {logging_mixin.py:188} INFO - [2025-09-06T13:37:09.295-0300] {dag.py:3954} INFO - Setting next_dagrun for LOAD_FLIGHTS to None, run_after=None
[2025-09-06T13:37:09.569-0300] {processor.py:183} INFO - Processing /home/sebastian/Documentos/Seba/Challenges/Fligoo/airflow_local/dags/LOAD_FLIGHTS.py took 0.816 seconds
[2025-09-06T13:37:56.582-0300] {processor.py:161} INFO - Started process (PID=21858) to work on /home/sebastian/Documentos/Seba/Challenges/Fligoo/airflow_local/dags/LOAD_FLIGHTS.py
[2025-09-06T13:37:56.629-0300] {processor.py:830} INFO - Processing file /home/sebastian/Documentos/Seba/Challenges/Fligoo/airflow_local/dags/LOAD_FLIGHTS.py for tasks to queue
[2025-09-06T13:37:56.634-0300] {logging_mixin.py:188} INFO - [2025-09-06T13:37:56.633-0300] {dagbag.py:545} INFO - Filling up the DagBag from /home/sebastian/Documentos/Seba/Challenges/Fligoo/airflow_local/dags/LOAD_FLIGHTS.py
[2025-09-06T13:37:56.924-0300] {processor.py:840} INFO - DAG(s) 'LOAD_FLIGHTS' retrieved from /home/sebastian/Documentos/Seba/Challenges/Fligoo/airflow_local/dags/LOAD_FLIGHTS.py
[2025-09-06T13:37:56.935-0300] {logging_mixin.py:188} INFO - [2025-09-06T13:37:56.935-0300] {dag.py:3096} INFO - Sync 1 DAGs
[2025-09-06T13:37:56.944-0300] {logging_mixin.py:188} INFO - [2025-09-06T13:37:56.944-0300] {dag.py:3954} INFO - Setting next_dagrun for LOAD_FLIGHTS to None, run_after=None
[2025-09-06T13:37:57.186-0300] {processor.py:183} INFO - Processing /home/sebastian/Documentos/Seba/Challenges/Fligoo/airflow_local/dags/LOAD_FLIGHTS.py took 0.622 seconds
[2025-09-06T13:38:39.590-0300] {processor.py:161} INFO - Started process (PID=21902) to work on /home/sebastian/Documentos/Seba/Challenges/Fligoo/airflow_local/dags/LOAD_FLIGHTS.py
[2025-09-06T13:38:39.614-0300] {processor.py:830} INFO - Processing file /home/sebastian/Documentos/Seba/Challenges/Fligoo/airflow_local/dags/LOAD_FLIGHTS.py for tasks to queue
[2025-09-06T13:38:39.616-0300] {logging_mixin.py:188} INFO - [2025-09-06T13:38:39.616-0300] {dagbag.py:545} INFO - Filling up the DagBag from /home/sebastian/Documentos/Seba/Challenges/Fligoo/airflow_local/dags/LOAD_FLIGHTS.py
[2025-09-06T13:38:39.860-0300] {processor.py:840} INFO - DAG(s) 'LOAD_FLIGHTS' retrieved from /home/sebastian/Documentos/Seba/Challenges/Fligoo/airflow_local/dags/LOAD_FLIGHTS.py
[2025-09-06T13:38:39.871-0300] {logging_mixin.py:188} INFO - [2025-09-06T13:38:39.870-0300] {dag.py:3096} INFO - Sync 1 DAGs
[2025-09-06T13:38:39.879-0300] {logging_mixin.py:188} INFO - [2025-09-06T13:38:39.879-0300] {dag.py:3954} INFO - Setting next_dagrun for LOAD_FLIGHTS to None, run_after=None
[2025-09-06T13:38:40.280-0300] {processor.py:183} INFO - Processing /home/sebastian/Documentos/Seba/Challenges/Fligoo/airflow_local/dags/LOAD_FLIGHTS.py took 0.696 seconds
[2025-09-06T13:39:21.649-0300] {processor.py:161} INFO - Started process (PID=21942) to work on /home/sebastian/Documentos/Seba/Challenges/Fligoo/airflow_local/dags/LOAD_FLIGHTS.py
[2025-09-06T13:39:21.670-0300] {processor.py:830} INFO - Processing file /home/sebastian/Documentos/Seba/Challenges/Fligoo/airflow_local/dags/LOAD_FLIGHTS.py for tasks to queue
[2025-09-06T13:39:21.673-0300] {logging_mixin.py:188} INFO - [2025-09-06T13:39:21.672-0300] {dagbag.py:545} INFO - Filling up the DagBag from /home/sebastian/Documentos/Seba/Challenges/Fligoo/airflow_local/dags/LOAD_FLIGHTS.py
[2025-09-06T13:39:21.932-0300] {processor.py:840} INFO - DAG(s) 'LOAD_FLIGHTS' retrieved from /home/sebastian/Documentos/Seba/Challenges/Fligoo/airflow_local/dags/LOAD_FLIGHTS.py
[2025-09-06T13:39:21.942-0300] {logging_mixin.py:188} INFO - [2025-09-06T13:39:21.942-0300] {dag.py:3096} INFO - Sync 1 DAGs
[2025-09-06T13:39:21.952-0300] {logging_mixin.py:188} INFO - [2025-09-06T13:39:21.952-0300] {dag.py:3954} INFO - Setting next_dagrun for LOAD_FLIGHTS to None, run_after=None
[2025-09-06T13:39:22.595-0300] {processor.py:183} INFO - Processing /home/sebastian/Documentos/Seba/Challenges/Fligoo/airflow_local/dags/LOAD_FLIGHTS.py took 0.967 seconds
[2025-09-06T13:40:07.555-0300] {processor.py:161} INFO - Started process (PID=21986) to work on /home/sebastian/Documentos/Seba/Challenges/Fligoo/airflow_local/dags/LOAD_FLIGHTS.py
[2025-09-06T13:40:07.575-0300] {processor.py:830} INFO - Processing file /home/sebastian/Documentos/Seba/Challenges/Fligoo/airflow_local/dags/LOAD_FLIGHTS.py for tasks to queue
[2025-09-06T13:40:07.577-0300] {logging_mixin.py:188} INFO - [2025-09-06T13:40:07.576-0300] {dagbag.py:545} INFO - Filling up the DagBag from /home/sebastian/Documentos/Seba/Challenges/Fligoo/airflow_local/dags/LOAD_FLIGHTS.py
[2025-09-06T13:40:08.031-0300] {processor.py:840} INFO - DAG(s) 'LOAD_FLIGHTS' retrieved from /home/sebastian/Documentos/Seba/Challenges/Fligoo/airflow_local/dags/LOAD_FLIGHTS.py
[2025-09-06T13:40:08.047-0300] {logging_mixin.py:188} INFO - [2025-09-06T13:40:08.047-0300] {dag.py:3096} INFO - Sync 1 DAGs
[2025-09-06T13:40:08.062-0300] {logging_mixin.py:188} INFO - [2025-09-06T13:40:08.062-0300] {dag.py:3954} INFO - Setting next_dagrun for LOAD_FLIGHTS to None, run_after=None
[2025-09-06T13:40:08.324-0300] {processor.py:183} INFO - Processing /home/sebastian/Documentos/Seba/Challenges/Fligoo/airflow_local/dags/LOAD_FLIGHTS.py took 0.777 seconds
[2025-09-06T13:40:57.542-0300] {processor.py:161} INFO - Started process (PID=22060) to work on /home/sebastian/Documentos/Seba/Challenges/Fligoo/airflow_local/dags/LOAD_FLIGHTS.py
[2025-09-06T13:40:57.656-0300] {processor.py:830} INFO - Processing file /home/sebastian/Documentos/Seba/Challenges/Fligoo/airflow_local/dags/LOAD_FLIGHTS.py for tasks to queue
[2025-09-06T13:40:57.663-0300] {logging_mixin.py:188} INFO - [2025-09-06T13:40:57.661-0300] {dagbag.py:545} INFO - Filling up the DagBag from /home/sebastian/Documentos/Seba/Challenges/Fligoo/airflow_local/dags/LOAD_FLIGHTS.py
[2025-09-06T13:40:57.938-0300] {processor.py:840} INFO - DAG(s) 'LOAD_FLIGHTS' retrieved from /home/sebastian/Documentos/Seba/Challenges/Fligoo/airflow_local/dags/LOAD_FLIGHTS.py
[2025-09-06T13:40:57.949-0300] {logging_mixin.py:188} INFO - [2025-09-06T13:40:57.949-0300] {dag.py:3096} INFO - Sync 1 DAGs
[2025-09-06T13:40:57.957-0300] {logging_mixin.py:188} INFO - [2025-09-06T13:40:57.957-0300] {dag.py:3954} INFO - Setting next_dagrun for LOAD_FLIGHTS to None, run_after=None
[2025-09-06T13:40:58.210-0300] {processor.py:183} INFO - Processing /home/sebastian/Documentos/Seba/Challenges/Fligoo/airflow_local/dags/LOAD_FLIGHTS.py took 0.686 seconds
[2025-09-06T13:53:04.836-0300] {processor.py:161} INFO - Started process (PID=23496) to work on /home/sebastian/Documentos/Seba/Challenges/Fligoo/airflow_local/dags/LOAD_FLIGHTS.py
[2025-09-06T13:53:04.856-0300] {processor.py:830} INFO - Processing file /home/sebastian/Documentos/Seba/Challenges/Fligoo/airflow_local/dags/LOAD_FLIGHTS.py for tasks to queue
[2025-09-06T13:53:04.858-0300] {logging_mixin.py:188} INFO - [2025-09-06T13:53:04.858-0300] {dagbag.py:545} INFO - Filling up the DagBag from /home/sebastian/Documentos/Seba/Challenges/Fligoo/airflow_local/dags/LOAD_FLIGHTS.py
[2025-09-06T13:53:19.391-0300] {processor.py:840} INFO - DAG(s) 'LOAD_FLIGHTS' retrieved from /home/sebastian/Documentos/Seba/Challenges/Fligoo/airflow_local/dags/LOAD_FLIGHTS.py
[2025-09-06T13:53:19.558-0300] {logging_mixin.py:188} INFO - [2025-09-06T13:53:19.557-0300] {dag.py:3096} INFO - Sync 1 DAGs
[2025-09-06T13:53:19.602-0300] {logging_mixin.py:188} INFO - [2025-09-06T13:53:19.602-0300] {dag.py:3954} INFO - Setting next_dagrun for LOAD_FLIGHTS to None, run_after=None
[2025-09-06T13:53:19.897-0300] {processor.py:183} INFO - Processing /home/sebastian/Documentos/Seba/Challenges/Fligoo/airflow_local/dags/LOAD_FLIGHTS.py took 15.085 seconds
[2025-09-06T13:53:55.911-0300] {processor.py:161} INFO - Started process (PID=23639) to work on /home/sebastian/Documentos/Seba/Challenges/Fligoo/airflow_local/dags/LOAD_FLIGHTS.py
[2025-09-06T13:53:55.958-0300] {processor.py:830} INFO - Processing file /home/sebastian/Documentos/Seba/Challenges/Fligoo/airflow_local/dags/LOAD_FLIGHTS.py for tasks to queue
[2025-09-06T13:53:55.964-0300] {logging_mixin.py:188} INFO - [2025-09-06T13:53:55.962-0300] {dagbag.py:545} INFO - Filling up the DagBag from /home/sebastian/Documentos/Seba/Challenges/Fligoo/airflow_local/dags/LOAD_FLIGHTS.py
[2025-09-06T13:53:58.700-0300] {processor.py:840} INFO - DAG(s) 'LOAD_FLIGHTS' retrieved from /home/sebastian/Documentos/Seba/Challenges/Fligoo/airflow_local/dags/LOAD_FLIGHTS.py
[2025-09-06T13:53:59.516-0300] {logging_mixin.py:188} INFO - [2025-09-06T13:53:59.514-0300] {dag.py:3096} INFO - Sync 1 DAGs
[2025-09-06T13:53:59.542-0300] {logging_mixin.py:188} INFO - [2025-09-06T13:53:59.542-0300] {dag.py:3954} INFO - Setting next_dagrun for LOAD_FLIGHTS to None, run_after=None
[2025-09-06T13:54:00.179-0300] {processor.py:183} INFO - Processing /home/sebastian/Documentos/Seba/Challenges/Fligoo/airflow_local/dags/LOAD_FLIGHTS.py took 4.291 seconds
[2025-09-06T13:55:05.799-0300] {processor.py:161} INFO - Started process (PID=24069) to work on /home/sebastian/Documentos/Seba/Challenges/Fligoo/airflow_local/dags/LOAD_FLIGHTS.py
[2025-09-06T13:55:05.810-0300] {processor.py:830} INFO - Processing file /home/sebastian/Documentos/Seba/Challenges/Fligoo/airflow_local/dags/LOAD_FLIGHTS.py for tasks to queue
[2025-09-06T13:55:05.812-0300] {logging_mixin.py:188} INFO - [2025-09-06T13:55:05.812-0300] {dagbag.py:545} INFO - Filling up the DagBag from /home/sebastian/Documentos/Seba/Challenges/Fligoo/airflow_local/dags/LOAD_FLIGHTS.py
[2025-09-06T13:55:06.718-0300] {processor.py:840} INFO - DAG(s) 'LOAD_FLIGHTS' retrieved from /home/sebastian/Documentos/Seba/Challenges/Fligoo/airflow_local/dags/LOAD_FLIGHTS.py
[2025-09-06T13:55:06.736-0300] {logging_mixin.py:188} INFO - [2025-09-06T13:55:06.735-0300] {dag.py:3096} INFO - Sync 1 DAGs
[2025-09-06T13:55:06.748-0300] {logging_mixin.py:188} INFO - [2025-09-06T13:55:06.748-0300] {dag.py:3954} INFO - Setting next_dagrun for LOAD_FLIGHTS to None, run_after=None
[2025-09-06T13:55:07.033-0300] {processor.py:183} INFO - Processing /home/sebastian/Documentos/Seba/Challenges/Fligoo/airflow_local/dags/LOAD_FLIGHTS.py took 1.240 seconds
[2025-09-06T13:55:37.405-0300] {processor.py:161} INFO - Started process (PID=24393) to work on /home/sebastian/Documentos/Seba/Challenges/Fligoo/airflow_local/dags/LOAD_FLIGHTS.py
[2025-09-06T13:55:37.426-0300] {processor.py:830} INFO - Processing file /home/sebastian/Documentos/Seba/Challenges/Fligoo/airflow_local/dags/LOAD_FLIGHTS.py for tasks to queue
[2025-09-06T13:55:37.428-0300] {logging_mixin.py:188} INFO - [2025-09-06T13:55:37.428-0300] {dagbag.py:545} INFO - Filling up the DagBag from /home/sebastian/Documentos/Seba/Challenges/Fligoo/airflow_local/dags/LOAD_FLIGHTS.py
[2025-09-06T13:55:37.775-0300] {processor.py:840} INFO - DAG(s) 'LOAD_FLIGHTS' retrieved from /home/sebastian/Documentos/Seba/Challenges/Fligoo/airflow_local/dags/LOAD_FLIGHTS.py
[2025-09-06T13:55:37.787-0300] {logging_mixin.py:188} INFO - [2025-09-06T13:55:37.787-0300] {dag.py:3096} INFO - Sync 1 DAGs
[2025-09-06T13:55:37.795-0300] {logging_mixin.py:188} INFO - [2025-09-06T13:55:37.795-0300] {dag.py:3954} INFO - Setting next_dagrun for LOAD_FLIGHTS to None, run_after=None
[2025-09-06T13:55:38.035-0300] {processor.py:183} INFO - Processing /home/sebastian/Documentos/Seba/Challenges/Fligoo/airflow_local/dags/LOAD_FLIGHTS.py took 0.635 seconds
[2025-09-06T13:56:08.911-0300] {processor.py:161} INFO - Started process (PID=24398) to work on /home/sebastian/Documentos/Seba/Challenges/Fligoo/airflow_local/dags/LOAD_FLIGHTS.py
[2025-09-06T13:56:08.943-0300] {processor.py:830} INFO - Processing file /home/sebastian/Documentos/Seba/Challenges/Fligoo/airflow_local/dags/LOAD_FLIGHTS.py for tasks to queue
[2025-09-06T13:56:08.945-0300] {logging_mixin.py:188} INFO - [2025-09-06T13:56:08.945-0300] {dagbag.py:545} INFO - Filling up the DagBag from /home/sebastian/Documentos/Seba/Challenges/Fligoo/airflow_local/dags/LOAD_FLIGHTS.py
[2025-09-06T13:56:09.337-0300] {processor.py:840} INFO - DAG(s) 'LOAD_FLIGHTS' retrieved from /home/sebastian/Documentos/Seba/Challenges/Fligoo/airflow_local/dags/LOAD_FLIGHTS.py
[2025-09-06T13:56:09.356-0300] {logging_mixin.py:188} INFO - [2025-09-06T13:56:09.356-0300] {dag.py:3096} INFO - Sync 1 DAGs
[2025-09-06T13:56:09.365-0300] {logging_mixin.py:188} INFO - [2025-09-06T13:56:09.364-0300] {dag.py:3954} INFO - Setting next_dagrun for LOAD_FLIGHTS to None, run_after=None
[2025-09-06T13:56:09.737-0300] {processor.py:183} INFO - Processing /home/sebastian/Documentos/Seba/Challenges/Fligoo/airflow_local/dags/LOAD_FLIGHTS.py took 0.836 seconds
[2025-09-06T13:56:40.773-0300] {processor.py:161} INFO - Started process (PID=24409) to work on /home/sebastian/Documentos/Seba/Challenges/Fligoo/airflow_local/dags/LOAD_FLIGHTS.py
[2025-09-06T13:56:40.783-0300] {processor.py:830} INFO - Processing file /home/sebastian/Documentos/Seba/Challenges/Fligoo/airflow_local/dags/LOAD_FLIGHTS.py for tasks to queue
[2025-09-06T13:56:40.785-0300] {logging_mixin.py:188} INFO - [2025-09-06T13:56:40.785-0300] {dagbag.py:545} INFO - Filling up the DagBag from /home/sebastian/Documentos/Seba/Challenges/Fligoo/airflow_local/dags/LOAD_FLIGHTS.py
[2025-09-06T13:56:41.201-0300] {processor.py:840} INFO - DAG(s) 'LOAD_FLIGHTS' retrieved from /home/sebastian/Documentos/Seba/Challenges/Fligoo/airflow_local/dags/LOAD_FLIGHTS.py
[2025-09-06T13:56:41.216-0300] {logging_mixin.py:188} INFO - [2025-09-06T13:56:41.216-0300] {dag.py:3096} INFO - Sync 1 DAGs
[2025-09-06T13:56:41.225-0300] {logging_mixin.py:188} INFO - [2025-09-06T13:56:41.225-0300] {dag.py:3954} INFO - Setting next_dagrun for LOAD_FLIGHTS to None, run_after=None
[2025-09-06T13:56:42.193-0300] {processor.py:183} INFO - Processing /home/sebastian/Documentos/Seba/Challenges/Fligoo/airflow_local/dags/LOAD_FLIGHTS.py took 1.424 seconds
[2025-09-06T13:57:12.791-0300] {processor.py:161} INFO - Started process (PID=24415) to work on /home/sebastian/Documentos/Seba/Challenges/Fligoo/airflow_local/dags/LOAD_FLIGHTS.py
[2025-09-06T13:57:12.811-0300] {processor.py:830} INFO - Processing file /home/sebastian/Documentos/Seba/Challenges/Fligoo/airflow_local/dags/LOAD_FLIGHTS.py for tasks to queue
[2025-09-06T13:57:12.814-0300] {logging_mixin.py:188} INFO - [2025-09-06T13:57:12.813-0300] {dagbag.py:545} INFO - Filling up the DagBag from /home/sebastian/Documentos/Seba/Challenges/Fligoo/airflow_local/dags/LOAD_FLIGHTS.py
[2025-09-06T13:57:13.159-0300] {processor.py:840} INFO - DAG(s) 'LOAD_FLIGHTS' retrieved from /home/sebastian/Documentos/Seba/Challenges/Fligoo/airflow_local/dags/LOAD_FLIGHTS.py
[2025-09-06T13:57:13.172-0300] {logging_mixin.py:188} INFO - [2025-09-06T13:57:13.171-0300] {dag.py:3096} INFO - Sync 1 DAGs
[2025-09-06T13:57:13.180-0300] {logging_mixin.py:188} INFO - [2025-09-06T13:57:13.180-0300] {dag.py:3954} INFO - Setting next_dagrun for LOAD_FLIGHTS to None, run_after=None
[2025-09-06T13:57:13.438-0300] {processor.py:183} INFO - Processing /home/sebastian/Documentos/Seba/Challenges/Fligoo/airflow_local/dags/LOAD_FLIGHTS.py took 0.665 seconds
[2025-09-06T13:57:43.816-0300] {processor.py:161} INFO - Started process (PID=24419) to work on /home/sebastian/Documentos/Seba/Challenges/Fligoo/airflow_local/dags/LOAD_FLIGHTS.py
[2025-09-06T13:57:43.838-0300] {processor.py:830} INFO - Processing file /home/sebastian/Documentos/Seba/Challenges/Fligoo/airflow_local/dags/LOAD_FLIGHTS.py for tasks to queue
[2025-09-06T13:57:43.840-0300] {logging_mixin.py:188} INFO - [2025-09-06T13:57:43.839-0300] {dagbag.py:545} INFO - Filling up the DagBag from /home/sebastian/Documentos/Seba/Challenges/Fligoo/airflow_local/dags/LOAD_FLIGHTS.py
[2025-09-06T13:57:44.191-0300] {processor.py:840} INFO - DAG(s) 'LOAD_FLIGHTS' retrieved from /home/sebastian/Documentos/Seba/Challenges/Fligoo/airflow_local/dags/LOAD_FLIGHTS.py
[2025-09-06T13:57:44.204-0300] {logging_mixin.py:188} INFO - [2025-09-06T13:57:44.204-0300] {dag.py:3096} INFO - Sync 1 DAGs
[2025-09-06T13:57:44.213-0300] {logging_mixin.py:188} INFO - [2025-09-06T13:57:44.213-0300] {dag.py:3954} INFO - Setting next_dagrun for LOAD_FLIGHTS to None, run_after=None
[2025-09-06T13:57:44.507-0300] {processor.py:183} INFO - Processing /home/sebastian/Documentos/Seba/Challenges/Fligoo/airflow_local/dags/LOAD_FLIGHTS.py took 0.699 seconds
